<?xml version="1.0" encoding="UTF-8"?>
<!-- Generated by org.testng.reporters.JUnitReportReporter -->
<testsuite skipped="0" hostname="Gowthami" name="com.secondMaven.com.secondMaven.TestJenkins" tests="1" failures="0" timestamp="01 Mar 2019 18:32:06 GMT" time="63.379" errors="0">
  <testcase name="launch" time="63.379" classname="com.secondMaven.com.secondMaven.TestJenkins"/>
</testsuite> <!-- com.secondMaven.com.secondMaven.TestJenkins -->
